#-----------------------------------------------------------
# Vivado v2016.4 (64-bit)
# SW Build 1733598 on Wed Dec 14 22:35:39 MST 2016
# IP Build 1731160 on Wed Dec 14 23:47:21 MST 2016
# Start of session at: Mon Dec 09 23:25:12 2024
# Process ID: 6836
# Current directory: C:/Users/Eng.Mohamed/Desktop/DSD_Project_Final_Version
# Command line: vivado.exe -gui_launcher_event rodinguilauncherevent14632 C:\Users\Eng.Mohamed\Desktop\DSD_Project_Final_Version\DSD_Project_Final_Version.xpr
# Log file: C:/Users/Eng.Mohamed/Desktop/DSD_Project_Final_Version/vivado.log
# Journal file: C:/Users/Eng.Mohamed/Desktop/DSD_Project_Final_Version\vivado.jou
#-----------------------------------------------------------
start_gui
open_project C:/Users/Eng.Mohamed/Desktop/DSD_Project_Final_Version/DSD_Project_Final_Version.xpr
Scanning sources...
Finished scanning sources
INFO: [IP_Flow 19-234] Refreshing IP repositories
INFO: [IP_Flow 19-1704] No user IP repositories specified
INFO: [IP_Flow 19-2313] Loaded Vivado IP repository 'D:/Vivado/Vivado/2016.4/data/ip'.
exit
INFO: [Common 17-206] Exiting Vivado at Mon Dec 09 23:26:04 2024...
