Unable to capture context for thread 13388 in process 15936, can not generate back trace
Unable to capture context for thread 13448 in process 15936, can not generate back trace
Exception at PC 0x00007FFF996CBB93
Printing stacktrace...

Unable to capture context for thread 13448 in process 15936, can not generate back trace
Exception at PC 0x00007FFFF087FB4C
Exception at PC 0x00007FFFF087FB4C
Exception at PC 0x00007FFFF087FB4C
Exception at PC 0x00007FFFF087FB4C
Exception at PC 0x00007FFFF087FB4C
Exception at PC 0x00007FFFF087FB4C
Exception at PC 0x00007FFFF087FB4C
Exception at PC 0x00007FFFF087FB4C
Exception at PC 0x00007FFFF087FB4C
Exception at PC 0x00007FFFF087FB4C
Exception at PC 0x00007FFFF087FB4C
Exception at PC 0x00007FFFF087FB4C
Exception at PC 0x00007FFFF087FB4C
Exception at PC 0x00007FFFF087FB4C
Exception at PC 0x00007FFFF087FB4C
Exception at PC 0x00007FFFF087FB4C
Exception at PC 0x00007FFFF087FB4C
[0]  [0x00007FFF996CBB93]
[1]  [0x00007FFF996CBB93]
[2]  [0x00007FFF996CB4A1]
[3]  [0x00007FFF996CB3EF]
[4]  [0x00007FFF996B19FE]
[5]  [0x00007FFF996B0ED1]
[6]  [0x00007FFF996B0D76]
[7]  [0x00007FFF996579F6]
[8]  [0x00007FFF99647AFB]
[9]  [0x00007FFF9976E90A]
[10]  [0x00007FFF99789F87]
[11]  [0x00007FFF9978A05F]
[12] (BaseThreadInitThunk+0x1d) [0x00007FFFF1E1259D]
[13] (RtlUserThreadStart+0x28) [0x00007FFFF2F2AF38]
Done
